<?xml version="1.0" encoding="UTF-8"?>
<!-- Generated by org.testng.reporters.JUnitReportReporter -->
<testsuite skipped="0" hostname="Chetan-Nanda" name="TestCases.InputForms_TestCases" tests="3" failures="0" timestamp="2021-05-16T16:58:28 IST" time="4.897" errors="0">
  <testcase name="inputForms_simpleFormDemo" time="3.767" classname="TestCases.InputForms_TestCases"/>
  <system-out/>
  <testcase name="inputForms_checkBoxDemo_Single" time="1.069" classname="TestCases.InputForms_TestCases"/>
  <system-out/>
  <testcase name="inputForms_checkBoxDemo_Multiple" time="0.061" classname="TestCases.InputForms_TestCases"/>
  <system-out/>
</testsuite> <!-- TestCases.InputForms_TestCases -->
