<?xml version="1.0" encoding="UTF-8"?>
<!-- Generated by org.testng.reporters.JUnitReportReporter -->
<testsuite skipped="0" hostname="Chetan-Nanda" name="TestCases.DatePickers" tests="1" failures="0" timestamp="2021-05-14T17:54:41 IST" time="3.566" errors="0">
  <testcase name="bootstrapDatePicker" time="3.566" classname="TestCases.DatePickers"/>
  <system-out/>
</testsuite> <!-- TestCases.DatePickers -->
