<?xml version="1.0" encoding="UTF-8"?>
<!-- Generated by org.testng.reporters.JUnitReportReporter -->
<testsuite skipped="0" hostname="Chetan-Nanda" name="TestCases.DatePickers_TestCases" tests="1" failures="0" timestamp="2021-05-16T16:58:28 IST" time="3.793" errors="0">
  <testcase name="bootstrapDatePicker" time="3.793" classname="TestCases.DatePickers_TestCases"/>
  <system-out/>
</testsuite> <!-- TestCases.DatePickers_TestCases -->
