<?xml version="1.0" encoding="UTF-8"?>
<!-- Generated by org.testng.reporters.JUnitReportReporter -->
<testsuite skipped="0" hostname="Chetan-Nanda" name="TestCases.InputForms" tests="3" failures="0" timestamp="2021-05-14T17:54:41 IST" time="1.852" errors="0">
  <testcase name="inputForms_simpleFormDemo" time="0.812" classname="TestCases.InputForms"/>
  <system-out/>
  <testcase name="inputForms_checkBoxDemo_Single" time="0.980" classname="TestCases.InputForms"/>
  <system-out/>
  <testcase name="inputForms_checkBoxDemo_Multiple" time="0.060" classname="TestCases.InputForms"/>
  <system-out/>
</testsuite> <!-- TestCases.InputForms -->
